RegistrAPP/android/capacitor-cordova-android-plugins/build/intermediates/manifest_merge_blame_file/release/manifest-merger-blame-release-report.txt
1<?xml version="1.0" encoding="utf-8"?>
2<manifest xmlns:amazon="http://schemas.amazon.com/apk/res/android"
3    xmlns:android="http://schemas.android.com/apk/res/android"
4    package="capacitor.cordova.android.plugins" >
5
6    <uses-sdk android:minSdkVersion="22" />
6-->src\main\AndroidManifest.xml
7
8    <application>
8-->src\main\AndroidManifest.xml:4:1-8:15
9        <provider
9-->src\main\AndroidManifest.xml:5:1-7:12
10            android:name="de.appplant.cordova.emailcomposer.Provider"
10-->src\main\AndroidManifest.xml:5:11-68
11            android:authorities="${applicationId}.emailcomposer.provider"
11-->src\main\AndroidManifest.xml:5:69-130
12            android:exported="false"
12-->src\main\AndroidManifest.xml:5:131-155
13            android:grantUriPermissions="true" >
13-->src\main\AndroidManifest.xml:5:156-190
14            <meta-data
14-->src\main\AndroidManifest.xml:6:3-119
15                android:name="android.support.FILE_PROVIDER_PATHS"
15-->src\main\AndroidManifest.xml:6:14-64
16                android:resource="@xml/emailcomposer_provider_paths" />
16-->src\main\AndroidManifest.xml:6:65-117
17        </provider>
18    </application>
19
20</manifest>